<?xml version="1.0" encoding="UTF-8"?>
<!-- Generated by org.testng.reporters.JUnitReportReporter -->
<testsuite hostname="DESKTOP-BR3APVB" failures="0" tests="1" name="testcases.SystemUsersTestCases" time="13.732" errors="0" timestamp="2021-12-04T09:37:25 IST" skipped="0">
  <testcase classname="testcases.SystemUsersTestCases" name="verifySystemUsersPage" time="13.732"/>
  <system-out/>
</testsuite> <!-- testcases.SystemUsersTestCases -->
