<?xml version="1.0" encoding="UTF-8"?>
<!-- Generated by org.testng.reporters.JUnitReportReporter -->
<testsuite hostname="DESKTOP-BR3APVB" failures="0" tests="1" name="utils.ConfigReader" time="0.016" errors="0" timestamp="2021-11-30T09:58:54 IST" skipped="0">
  <testcase classname="utils.ConfigReader" name="readData" time="0.016"/>
  <system-out/>
</testsuite> <!-- utils.ConfigReader -->
